<?xml version="1.0" encoding="UTF-8"?><testsuite errors="1" failures="0" name="Busqueda exitosa con datos extraidos de un xlsx" skipped="0" tests="1" time="63.1" timestamp="2022-08-18 10:52:53"><testcase name="Buscar en google"><error message="For input string: &quot;₹357.00&quot;" type="java.lang.NumberFormatException">For input string: "₹357.00"</error><system-err>For input string: "₹357.00"&#13;
steps.AutomatizaStep.validar(AutomatizaStep.java:47)&#13;
stepDefinitions.AutomatizaStepDefinitions.muestraResultadosEnElCarroYValida(AutomatizaStepDefinitions.java:48)&#13;
✽.muestra resultados en el carro y valida(src/test/resources/features/Automatiza.feature:8)&#13;
</system-err></testcase></testsuite>